<?xml version="1.0" encoding="UTF-8"?>
<testsuite xmlns:xsi="http://www.w3.org/2001/XMLSchema-instance" xsi:noNamespaceSchemaLocation="https://maven.apache.org/surefire/maven-surefire-plugin/xsd/surefire-test-report-3.0.xsd" version="3.0" name="ZooSystemTest.CompoundTest" time="0.612" tests="4" errors="0" skipped="0" failures="0">
  <properties>
[...]
</properties>
  <testcase name="getAnimalWithNumbers" classname="ZooSystemTest.CompoundTest" time="0.002"/>
  <testcase name="get10MillionAnimals" classname="ZooSystemTest.CompoundTest" time="0.571"/>
  <testcase name="getAnimals" classname="ZooSystemTest.CompoundTest" time="0.001"/>
  <testcase name="testIOBException" classname="ZooSystemTest.CompoundTest" time="0.0"/>
</testsuite>